<?xml version="1.0" encoding="UTF-8"?>
<!-- Generated by org.testng.reporters.JUnitReportReporter -->
<testsuite hostname="LAPTOP-T22UOKH9" failures="0" tests="5" name="beeceptorEvalution.BeeceptorTestCase" time="11.033" errors="0" timestamp="2024-07-15T15:51:03 IST" skipped="4">
  <testcase classname="beeceptorEvalution.BeeceptorTestCase" name="PutHook" time="11.033"/>
  <system-out/>
  <testcase classname="beeceptorEvalution.BeeceptorTestCase" name="GetHook">
    <skipped/>
  </testcase> <!-- GetHook -->
  <system-out/>
  <testcase classname="beeceptorEvalution.BeeceptorTestCase" name="GetHooks">
    <skipped/>
  </testcase> <!-- GetHooks -->
  <system-out/>
  <testcase classname="beeceptorEvalution.BeeceptorTestCase" name="ScheduleHook">
    <skipped/>
  </testcase> <!-- ScheduleHook -->
  <system-out/>
  <testcase classname="beeceptorEvalution.BeeceptorTestCase" name="deleteHook">
    <skipped/>
  </testcase> <!-- deleteHook -->
  <system-out/>
</testsuite> <!-- beeceptorEvalution.BeeceptorTestCase -->
